[debug] [2024-01-14T12:49:13.474Z] ----------------------------------------------------------------------
[debug] [2024-01-14T12:49:13.477Z] Command:       C:\Program Files\nodejs\node.exe C:\Users\rozar\AppData\Roaming\npm\node_modules\firebase-tools\lib\bin\firebase.js init hosting
[debug] [2024-01-14T12:49:13.478Z] CLI Version:   13.0.2
[debug] [2024-01-14T12:49:13.478Z] Platform:      win32
[debug] [2024-01-14T12:49:13.478Z] Node Version:  v20.10.0
[debug] [2024-01-14T12:49:13.478Z] Time:          Sun Jan 14 2024 18:19:13 GMT+0530 (India Standard Time)
[debug] [2024-01-14T12:49:13.478Z] ----------------------------------------------------------------------
[debug] 
[debug] [2024-01-14T12:49:13.482Z] >>> [apiv2][query] GET https://firebase-public.firebaseio.com/cli.json [none]
[debug] [2024-01-14T12:49:13.539Z] > command requires scopes: ["email","openid","https://www.googleapis.com/auth/cloudplatformprojects.readonly","https://www.googleapis.com/auth/firebase","https://www.googleapis.com/auth/cloud-platform"]
[debug] [2024-01-14T12:49:13.539Z] > authorizing via signed-in user (rozariojaison@gmail.com)
[info] 
     ######## #### ########  ######## ########     ###     ######  ########
     ##        ##  ##     ## ##       ##     ##  ##   ##  ##       ##
     ######    ##  ########  ######   ########  #########  ######  ######
     ##        ##  ##    ##  ##       ##     ## ##     ##       ## ##
     ##       #### ##     ## ######## ########  ##     ##  ######  ########

You're about to initialize a Firebase project in this directory:

  C:\Users\rozar\OneDrive\Desktop\Gymate-main

[debug] [2024-01-14T12:49:14.218Z] <<< [apiv2][status] GET https://firebase-public.firebaseio.com/cli.json 200
[debug] [2024-01-14T12:49:14.218Z] <<< [apiv2][body] GET https://firebase-public.firebaseio.com/cli.json {"cloudBuildErrorAfter":1594252800000,"cloudBuildWarnAfter":1590019200000,"defaultNode10After":1594252800000,"minVersion":"3.0.5","node8DeploysDisabledAfter":1613390400000,"node8RuntimeDisabledAfter":1615809600000,"node8WarnAfter":1600128000000}
[info] 
=== Project Setup
[info] 
[info] First, let's associate this project directory with a Firebase project.
[info] You can create multiple project aliases by running firebase use --add, 
[info] but for now we'll just set up a default project.
[info] 
